2022-10-19 04:13:03.622  INFO 33580 --- [Thread-5] j.LocalContainerEntityManagerFactoryBean : Closing JPA EntityManagerFactory for persistence unit 'default'
2022-10-19 04:13:03.680  INFO 33580 --- [Thread-5] com.zaxxer.hikari.HikariDataSource       : HikariPool-1 - Shutdown initiated...
2022-10-19 04:13:03.688  INFO 33580 --- [Thread-5] com.zaxxer.hikari.HikariDataSource       : HikariPool-1 - Shutdown completed.
2022-10-19 04:13:07.797  INFO 29304 --- [JavaFX Application Thread] o.s.boot.SpringApplication               : Starting application on DESKTOP-6GDLJRV with PID 29304 (started by MSI in C:\Desarrollo\JAVA\DIVA\Spring-Boot-JavaFX-Integracion-VS)
2022-10-19 04:13:07.801  INFO 29304 --- [JavaFX Application Thread] o.s.boot.SpringApplication               : No active profile set, falling back to default profiles: default
2022-10-19 04:13:08.302  INFO 29304 --- [JavaFX Application Thread] .s.d.r.c.RepositoryConfigurationDelegate : Bootstrapping Spring Data repositories in DEFAULT mode.
2022-10-19 04:13:08.393  INFO 29304 --- [JavaFX Application Thread] .s.d.r.c.RepositoryConfigurationDelegate : Finished Spring Data repository scanning in 84ms. Found 3 repository interfaces.
2022-10-19 04:13:08.921  INFO 29304 --- [JavaFX Application Thread] com.zaxxer.hikari.HikariDataSource       : HikariPool-1 - Starting...
2022-10-19 04:13:09.233  INFO 29304 --- [JavaFX Application Thread] com.zaxxer.hikari.HikariDataSource       : HikariPool-1 - Start completed.
2022-10-19 04:13:09.308  INFO 29304 --- [JavaFX Application Thread] o.hibernate.jpa.internal.util.LogHelper  : HHH000204: Processing PersistenceUnitInfo [
	name: default
	...]
2022-10-19 04:13:09.393  INFO 29304 --- [JavaFX Application Thread] org.hibernate.Version                    : HHH000412: Hibernate Core {5.3.7.Final}
2022-10-19 04:13:09.394  INFO 29304 --- [JavaFX Application Thread] org.hibernate.cfg.Environment            : HHH000206: hibernate.properties not found
2022-10-19 04:13:09.574  INFO 29304 --- [JavaFX Application Thread] o.hibernate.annotations.common.Version   : HCANN000001: Hibernate Commons Annotations {5.0.4.Final}
2022-10-19 04:13:09.732  INFO 29304 --- [JavaFX Application Thread] org.hibernate.dialect.Dialect            : HHH000400: Using dialect: com.bytecode.javafx.spring.integration.SpringJavaFXIntegration.model.SQLDialect
2022-10-19 04:13:09.753  INFO 29304 --- [JavaFX Application Thread] o.h.e.j.e.i.LobCreatorBuilderImpl        : HHH000423: Disabling contextual LOB creation as JDBC driver reported JDBC version [2] less than 4
2022-10-19 04:13:10.300  INFO 29304 --- [JavaFX Application Thread] j.LocalContainerEntityManagerFactoryBean : Initialized JPA EntityManagerFactory for persistence unit 'default'
2022-10-19 04:13:10.814  INFO 29304 --- [JavaFX Application Thread] o.h.h.i.QueryTranslatorFactoryInitiator  : HHH000397: Using ASTQueryTranslatorFactory
2022-10-19 04:13:10.918  WARN 29304 --- [JavaFX Application Thread] o.h.dialect.function.TemplateRenderer    : HHH000174: Function template anticipated 4 arguments, but 1 arguments encountered
2022-10-19 04:13:10.920  WARN 29304 --- [JavaFX Application Thread] o.h.dialect.function.TemplateRenderer    : HHH000174: Function template anticipated 4 arguments, but 1 arguments encountered
2022-10-19 04:13:10.939  WARN 29304 --- [JavaFX Application Thread] o.h.dialect.function.TemplateRenderer    : HHH000174: Function template anticipated 4 arguments, but 1 arguments encountered
2022-10-19 04:13:10.940  WARN 29304 --- [JavaFX Application Thread] o.h.dialect.function.TemplateRenderer    : HHH000174: Function template anticipated 4 arguments, but 1 arguments encountered
2022-10-19 04:13:10.946  WARN 29304 --- [JavaFX Application Thread] o.h.dialect.function.TemplateRenderer    : HHH000174: Function template anticipated 4 arguments, but 1 arguments encountered
2022-10-19 04:13:10.946  WARN 29304 --- [JavaFX Application Thread] o.h.dialect.function.TemplateRenderer    : HHH000174: Function template anticipated 4 arguments, but 1 arguments encountered
2022-10-19 04:13:10.952  WARN 29304 --- [JavaFX Application Thread] o.h.dialect.function.TemplateRenderer    : HHH000174: Function template anticipated 4 arguments, but 1 arguments encountered
2022-10-19 04:13:10.953  WARN 29304 --- [JavaFX Application Thread] o.h.dialect.function.TemplateRenderer    : HHH000174: Function template anticipated 4 arguments, but 1 arguments encountered
2022-10-19 04:13:10.974  WARN 29304 --- [JavaFX Application Thread] o.h.dialect.function.TemplateRenderer    : HHH000174: Function template anticipated 4 arguments, but 1 arguments encountered
2022-10-19 04:13:10.975  WARN 29304 --- [JavaFX Application Thread] o.h.dialect.function.TemplateRenderer    : HHH000174: Function template anticipated 4 arguments, but 1 arguments encountered
2022-10-19 04:13:10.994  WARN 29304 --- [JavaFX Application Thread] o.h.dialect.function.TemplateRenderer    : HHH000174: Function template anticipated 4 arguments, but 1 arguments encountered
2022-10-19 04:13:10.994  WARN 29304 --- [JavaFX Application Thread] o.h.dialect.function.TemplateRenderer    : HHH000174: Function template anticipated 4 arguments, but 1 arguments encountered
2022-10-19 04:13:10.997  WARN 29304 --- [JavaFX Application Thread] o.h.dialect.function.TemplateRenderer    : HHH000174: Function template anticipated 4 arguments, but 1 arguments encountered
2022-10-19 04:13:10.998  WARN 29304 --- [JavaFX Application Thread] o.h.dialect.function.TemplateRenderer    : HHH000174: Function template anticipated 4 arguments, but 1 arguments encountered
2022-10-19 04:13:11.004  WARN 29304 --- [JavaFX Application Thread] o.h.dialect.function.TemplateRenderer    : HHH000174: Function template anticipated 4 arguments, but 1 arguments encountered
2022-10-19 04:13:11.004  WARN 29304 --- [JavaFX Application Thread] o.h.dialect.function.TemplateRenderer    : HHH000174: Function template anticipated 4 arguments, but 1 arguments encountered
2022-10-19 04:13:11.007  WARN 29304 --- [JavaFX Application Thread] o.h.dialect.function.TemplateRenderer    : HHH000174: Function template anticipated 4 arguments, but 1 arguments encountered
2022-10-19 04:13:11.007  WARN 29304 --- [JavaFX Application Thread] o.h.dialect.function.TemplateRenderer    : HHH000174: Function template anticipated 4 arguments, but 1 arguments encountered
2022-10-19 04:13:11.011  WARN 29304 --- [JavaFX Application Thread] o.h.dialect.function.TemplateRenderer    : HHH000174: Function template anticipated 4 arguments, but 1 arguments encountered
2022-10-19 04:13:11.012  WARN 29304 --- [JavaFX Application Thread] o.h.dialect.function.TemplateRenderer    : HHH000174: Function template anticipated 4 arguments, but 1 arguments encountered
2022-10-19 04:13:11.016  WARN 29304 --- [JavaFX Application Thread] o.h.dialect.function.TemplateRenderer    : HHH000174: Function template anticipated 4 arguments, but 1 arguments encountered
2022-10-19 04:13:11.016  WARN 29304 --- [JavaFX Application Thread] o.h.dialect.function.TemplateRenderer    : HHH000174: Function template anticipated 4 arguments, but 1 arguments encountered
2022-10-19 04:13:11.021  WARN 29304 --- [JavaFX Application Thread] o.h.dialect.function.TemplateRenderer    : HHH000174: Function template anticipated 4 arguments, but 1 arguments encountered
2022-10-19 04:13:11.022  WARN 29304 --- [JavaFX Application Thread] o.h.dialect.function.TemplateRenderer    : HHH000174: Function template anticipated 4 arguments, but 1 arguments encountered
2022-10-19 04:13:11.025  WARN 29304 --- [JavaFX Application Thread] o.h.dialect.function.TemplateRenderer    : HHH000174: Function template anticipated 4 arguments, but 1 arguments encountered
2022-10-19 04:13:11.026  WARN 29304 --- [JavaFX Application Thread] o.h.dialect.function.TemplateRenderer    : HHH000174: Function template anticipated 4 arguments, but 1 arguments encountered
2022-10-19 04:13:11.030  WARN 29304 --- [JavaFX Application Thread] o.h.dialect.function.TemplateRenderer    : HHH000174: Function template anticipated 4 arguments, but 1 arguments encountered
2022-10-19 04:13:11.030  WARN 29304 --- [JavaFX Application Thread] o.h.dialect.function.TemplateRenderer    : HHH000174: Function template anticipated 4 arguments, but 1 arguments encountered
2022-10-19 04:13:11.418  INFO 29304 --- [JavaFX Application Thread] o.s.boot.SpringApplication               : Started application in 4.161 seconds (JVM running for 5.267)
2022-10-19 04:16:20.715  WARN 29304 --- [HikariPool-1 housekeeper] com.zaxxer.hikari.pool.HikariPool        : HikariPool-1 - Thread starvation or clock leap detected (housekeeper delta=1m40s8ms78µs900ns).
2022-10-19 04:17:07.165  WARN 29304 --- [HikariPool-1 housekeeper] com.zaxxer.hikari.pool.HikariPool        : HikariPool-1 - Thread starvation or clock leap detected (housekeeper delta=46s450ms410µs900ns).
2022-10-19 04:17:22.641  INFO 29304 --- [Thread-5] j.LocalContainerEntityManagerFactoryBean : Closing JPA EntityManagerFactory for persistence unit 'default'
2022-10-19 04:17:22.644  INFO 29304 --- [Thread-5] com.zaxxer.hikari.HikariDataSource       : HikariPool-1 - Shutdown initiated...
2022-10-19 04:17:22.647  INFO 29304 --- [Thread-5] com.zaxxer.hikari.HikariDataSource       : HikariPool-1 - Shutdown completed.
2022-10-19 04:17:26.997  INFO 26128 --- [JavaFX Application Thread] o.s.boot.SpringApplication               : Starting application on DESKTOP-6GDLJRV with PID 26128 (started by MSI in C:\Desarrollo\JAVA\DIVA\Spring-Boot-JavaFX-Integracion-VS)
2022-10-19 04:17:27.000  INFO 26128 --- [JavaFX Application Thread] o.s.boot.SpringApplication               : No active profile set, falling back to default profiles: default
2022-10-19 04:17:27.498  INFO 26128 --- [JavaFX Application Thread] .s.d.r.c.RepositoryConfigurationDelegate : Bootstrapping Spring Data repositories in DEFAULT mode.
2022-10-19 04:17:27.580  INFO 26128 --- [JavaFX Application Thread] .s.d.r.c.RepositoryConfigurationDelegate : Finished Spring Data repository scanning in 74ms. Found 3 repository interfaces.
2022-10-19 04:17:28.073  INFO 26128 --- [JavaFX Application Thread] com.zaxxer.hikari.HikariDataSource       : HikariPool-1 - Starting...
2022-10-19 04:17:28.351  INFO 26128 --- [JavaFX Application Thread] com.zaxxer.hikari.HikariDataSource       : HikariPool-1 - Start completed.
2022-10-19 04:17:28.415  INFO 26128 --- [JavaFX Application Thread] o.hibernate.jpa.internal.util.LogHelper  : HHH000204: Processing PersistenceUnitInfo [
	name: default
	...]
2022-10-19 04:17:28.471  INFO 26128 --- [JavaFX Application Thread] org.hibernate.Version                    : HHH000412: Hibernate Core {5.3.7.Final}
2022-10-19 04:17:28.472  INFO 26128 --- [JavaFX Application Thread] org.hibernate.cfg.Environment            : HHH000206: hibernate.properties not found
2022-10-19 04:17:28.621  INFO 26128 --- [JavaFX Application Thread] o.hibernate.annotations.common.Version   : HCANN000001: Hibernate Commons Annotations {5.0.4.Final}
2022-10-19 04:17:28.760  INFO 26128 --- [JavaFX Application Thread] org.hibernate.dialect.Dialect            : HHH000400: Using dialect: com.bytecode.javafx.spring.integration.SpringJavaFXIntegration.model.SQLDialect
2022-10-19 04:17:28.780  INFO 26128 --- [JavaFX Application Thread] o.h.e.j.e.i.LobCreatorBuilderImpl        : HHH000423: Disabling contextual LOB creation as JDBC driver reported JDBC version [2] less than 4
2022-10-19 04:17:29.277  INFO 26128 --- [JavaFX Application Thread] j.LocalContainerEntityManagerFactoryBean : Initialized JPA EntityManagerFactory for persistence unit 'default'
2022-10-19 04:17:29.735  INFO 26128 --- [JavaFX Application Thread] o.h.h.i.QueryTranslatorFactoryInitiator  : HHH000397: Using ASTQueryTranslatorFactory
2022-10-19 04:17:29.817  WARN 26128 --- [JavaFX Application Thread] o.h.dialect.function.TemplateRenderer    : HHH000174: Function template anticipated 4 arguments, but 1 arguments encountered
2022-10-19 04:17:29.817  WARN 26128 --- [JavaFX Application Thread] o.h.dialect.function.TemplateRenderer    : HHH000174: Function template anticipated 4 arguments, but 1 arguments encountered
2022-10-19 04:17:29.828  WARN 26128 --- [JavaFX Application Thread] o.h.dialect.function.TemplateRenderer    : HHH000174: Function template anticipated 4 arguments, but 1 arguments encountered
2022-10-19 04:17:29.828  WARN 26128 --- [JavaFX Application Thread] o.h.dialect.function.TemplateRenderer    : HHH000174: Function template anticipated 4 arguments, but 1 arguments encountered
2022-10-19 04:17:29.832  WARN 26128 --- [JavaFX Application Thread] o.h.dialect.function.TemplateRenderer    : HHH000174: Function template anticipated 4 arguments, but 1 arguments encountered
2022-10-19 04:17:29.832  WARN 26128 --- [JavaFX Application Thread] o.h.dialect.function.TemplateRenderer    : HHH000174: Function template anticipated 4 arguments, but 1 arguments encountered
2022-10-19 04:17:29.836  WARN 26128 --- [JavaFX Application Thread] o.h.dialect.function.TemplateRenderer    : HHH000174: Function template anticipated 4 arguments, but 1 arguments encountered
2022-10-19 04:17:29.836  WARN 26128 --- [JavaFX Application Thread] o.h.dialect.function.TemplateRenderer    : HHH000174: Function template anticipated 4 arguments, but 1 arguments encountered
2022-10-19 04:17:29.854  WARN 26128 --- [JavaFX Application Thread] o.h.dialect.function.TemplateRenderer    : HHH000174: Function template anticipated 4 arguments, but 1 arguments encountered
2022-10-19 04:17:29.854  WARN 26128 --- [JavaFX Application Thread] o.h.dialect.function.TemplateRenderer    : HHH000174: Function template anticipated 4 arguments, but 1 arguments encountered
2022-10-19 04:17:29.866  WARN 26128 --- [JavaFX Application Thread] o.h.dialect.function.TemplateRenderer    : HHH000174: Function template anticipated 4 arguments, but 1 arguments encountered
2022-10-19 04:17:29.866  WARN 26128 --- [JavaFX Application Thread] o.h.dialect.function.TemplateRenderer    : HHH000174: Function template anticipated 4 arguments, but 1 arguments encountered
2022-10-19 04:17:29.870  WARN 26128 --- [JavaFX Application Thread] o.h.dialect.function.TemplateRenderer    : HHH000174: Function template anticipated 4 arguments, but 1 arguments encountered
2022-10-19 04:17:29.870  WARN 26128 --- [JavaFX Application Thread] o.h.dialect.function.TemplateRenderer    : HHH000174: Function template anticipated 4 arguments, but 1 arguments encountered
2022-10-19 04:17:29.873  WARN 26128 --- [JavaFX Application Thread] o.h.dialect.function.TemplateRenderer    : HHH000174: Function template anticipated 4 arguments, but 1 arguments encountered
2022-10-19 04:17:29.873  WARN 26128 --- [JavaFX Application Thread] o.h.dialect.function.TemplateRenderer    : HHH000174: Function template anticipated 4 arguments, but 1 arguments encountered
2022-10-19 04:17:29.876  WARN 26128 --- [JavaFX Application Thread] o.h.dialect.function.TemplateRenderer    : HHH000174: Function template anticipated 4 arguments, but 1 arguments encountered
2022-10-19 04:17:29.876  WARN 26128 --- [JavaFX Application Thread] o.h.dialect.function.TemplateRenderer    : HHH000174: Function template anticipated 4 arguments, but 1 arguments encountered
2022-10-19 04:17:29.880  WARN 26128 --- [JavaFX Application Thread] o.h.dialect.function.TemplateRenderer    : HHH000174: Function template anticipated 4 arguments, but 1 arguments encountered
2022-10-19 04:17:29.880  WARN 26128 --- [JavaFX Application Thread] o.h.dialect.function.TemplateRenderer    : HHH000174: Function template anticipated 4 arguments, but 1 arguments encountered
2022-10-19 04:17:29.883  WARN 26128 --- [JavaFX Application Thread] o.h.dialect.function.TemplateRenderer    : HHH000174: Function template anticipated 4 arguments, but 1 arguments encountered
2022-10-19 04:17:29.883  WARN 26128 --- [JavaFX Application Thread] o.h.dialect.function.TemplateRenderer    : HHH000174: Function template anticipated 4 arguments, but 1 arguments encountered
2022-10-19 04:17:29.886  WARN 26128 --- [JavaFX Application Thread] o.h.dialect.function.TemplateRenderer    : HHH000174: Function template anticipated 4 arguments, but 1 arguments encountered
2022-10-19 04:17:29.887  WARN 26128 --- [JavaFX Application Thread] o.h.dialect.function.TemplateRenderer    : HHH000174: Function template anticipated 4 arguments, but 1 arguments encountered
2022-10-19 04:17:29.889  WARN 26128 --- [JavaFX Application Thread] o.h.dialect.function.TemplateRenderer    : HHH000174: Function template anticipated 4 arguments, but 1 arguments encountered
2022-10-19 04:17:29.890  WARN 26128 --- [JavaFX Application Thread] o.h.dialect.function.TemplateRenderer    : HHH000174: Function template anticipated 4 arguments, but 1 arguments encountered
2022-10-19 04:17:29.892  WARN 26128 --- [JavaFX Application Thread] o.h.dialect.function.TemplateRenderer    : HHH000174: Function template anticipated 4 arguments, but 1 arguments encountered
2022-10-19 04:17:29.892  WARN 26128 --- [JavaFX Application Thread] o.h.dialect.function.TemplateRenderer    : HHH000174: Function template anticipated 4 arguments, but 1 arguments encountered
2022-10-19 04:17:30.274  INFO 26128 --- [JavaFX Application Thread] o.s.boot.SpringApplication               : Started application in 3.759 seconds (JVM running for 4.813)
2022-10-19 04:18:50.342  INFO 26128 --- [Thread-5] j.LocalContainerEntityManagerFactoryBean : Closing JPA EntityManagerFactory for persistence unit 'default'
2022-10-19 04:18:50.346  INFO 26128 --- [Thread-5] com.zaxxer.hikari.HikariDataSource       : HikariPool-1 - Shutdown initiated...
2022-10-19 04:18:50.350  INFO 26128 --- [Thread-5] com.zaxxer.hikari.HikariDataSource       : HikariPool-1 - Shutdown completed.
2022-10-19 04:18:56.279  INFO 556 --- [JavaFX Application Thread] o.s.boot.SpringApplication               : Starting application on DESKTOP-6GDLJRV with PID 556 (started by MSI in C:\Desarrollo\JAVA\DIVA\Spring-Boot-JavaFX-Integracion-VS)
2022-10-19 04:18:56.283  INFO 556 --- [JavaFX Application Thread] o.s.boot.SpringApplication               : No active profile set, falling back to default profiles: default
2022-10-19 04:18:56.934  INFO 556 --- [JavaFX Application Thread] .s.d.r.c.RepositoryConfigurationDelegate : Bootstrapping Spring Data repositories in DEFAULT mode.
2022-10-19 04:18:57.016  INFO 556 --- [JavaFX Application Thread] .s.d.r.c.RepositoryConfigurationDelegate : Finished Spring Data repository scanning in 75ms. Found 3 repository interfaces.
2022-10-19 04:18:57.476  INFO 556 --- [JavaFX Application Thread] com.zaxxer.hikari.HikariDataSource       : HikariPool-1 - Starting...
2022-10-19 04:18:57.766  INFO 556 --- [JavaFX Application Thread] com.zaxxer.hikari.HikariDataSource       : HikariPool-1 - Start completed.
2022-10-19 04:18:57.820  INFO 556 --- [JavaFX Application Thread] o.hibernate.jpa.internal.util.LogHelper  : HHH000204: Processing PersistenceUnitInfo [
	name: default
	...]
2022-10-19 04:18:57.871  INFO 556 --- [JavaFX Application Thread] org.hibernate.Version                    : HHH000412: Hibernate Core {5.3.7.Final}
2022-10-19 04:18:57.872  INFO 556 --- [JavaFX Application Thread] org.hibernate.cfg.Environment            : HHH000206: hibernate.properties not found
2022-10-19 04:18:58.036  INFO 556 --- [JavaFX Application Thread] o.hibernate.annotations.common.Version   : HCANN000001: Hibernate Commons Annotations {5.0.4.Final}
2022-10-19 04:18:58.169  INFO 556 --- [JavaFX Application Thread] org.hibernate.dialect.Dialect            : HHH000400: Using dialect: com.bytecode.javafx.spring.integration.SpringJavaFXIntegration.model.SQLDialect
2022-10-19 04:18:58.191  INFO 556 --- [JavaFX Application Thread] o.h.e.j.e.i.LobCreatorBuilderImpl        : HHH000423: Disabling contextual LOB creation as JDBC driver reported JDBC version [2] less than 4
2022-10-19 04:18:58.659  INFO 556 --- [JavaFX Application Thread] j.LocalContainerEntityManagerFactoryBean : Initialized JPA EntityManagerFactory for persistence unit 'default'
2022-10-19 04:18:59.097  INFO 556 --- [JavaFX Application Thread] o.h.h.i.QueryTranslatorFactoryInitiator  : HHH000397: Using ASTQueryTranslatorFactory
2022-10-19 04:18:59.187  WARN 556 --- [JavaFX Application Thread] o.h.dialect.function.TemplateRenderer    : HHH000174: Function template anticipated 4 arguments, but 1 arguments encountered
2022-10-19 04:18:59.188  WARN 556 --- [JavaFX Application Thread] o.h.dialect.function.TemplateRenderer    : HHH000174: Function template anticipated 4 arguments, but 1 arguments encountered
2022-10-19 04:18:59.202  WARN 556 --- [JavaFX Application Thread] o.h.dialect.function.TemplateRenderer    : HHH000174: Function template anticipated 4 arguments, but 1 arguments encountered
2022-10-19 04:18:59.203  WARN 556 --- [JavaFX Application Thread] o.h.dialect.function.TemplateRenderer    : HHH000174: Function template anticipated 4 arguments, but 1 arguments encountered
2022-10-19 04:18:59.207  WARN 556 --- [JavaFX Application Thread] o.h.dialect.function.TemplateRenderer    : HHH000174: Function template anticipated 4 arguments, but 1 arguments encountered
2022-10-19 04:18:59.207  WARN 556 --- [JavaFX Application Thread] o.h.dialect.function.TemplateRenderer    : HHH000174: Function template anticipated 4 arguments, but 1 arguments encountered
2022-10-19 04:18:59.210  WARN 556 --- [JavaFX Application Thread] o.h.dialect.function.TemplateRenderer    : HHH000174: Function template anticipated 4 arguments, but 1 arguments encountered
2022-10-19 04:18:59.211  WARN 556 --- [JavaFX Application Thread] o.h.dialect.function.TemplateRenderer    : HHH000174: Function template anticipated 4 arguments, but 1 arguments encountered
2022-10-19 04:18:59.226  WARN 556 --- [JavaFX Application Thread] o.h.dialect.function.TemplateRenderer    : HHH000174: Function template anticipated 4 arguments, but 1 arguments encountered
2022-10-19 04:18:59.227  WARN 556 --- [JavaFX Application Thread] o.h.dialect.function.TemplateRenderer    : HHH000174: Function template anticipated 4 arguments, but 1 arguments encountered
2022-10-19 04:18:59.236  WARN 556 --- [JavaFX Application Thread] o.h.dialect.function.TemplateRenderer    : HHH000174: Function template anticipated 4 arguments, but 1 arguments encountered
2022-10-19 04:18:59.237  WARN 556 --- [JavaFX Application Thread] o.h.dialect.function.TemplateRenderer    : HHH000174: Function template anticipated 4 arguments, but 1 arguments encountered
2022-10-19 04:18:59.239  WARN 556 --- [JavaFX Application Thread] o.h.dialect.function.TemplateRenderer    : HHH000174: Function template anticipated 4 arguments, but 1 arguments encountered
2022-10-19 04:18:59.240  WARN 556 --- [JavaFX Application Thread] o.h.dialect.function.TemplateRenderer    : HHH000174: Function template anticipated 4 arguments, but 1 arguments encountered
2022-10-19 04:18:59.244  WARN 556 --- [JavaFX Application Thread] o.h.dialect.function.TemplateRenderer    : HHH000174: Function template anticipated 4 arguments, but 1 arguments encountered
2022-10-19 04:18:59.245  WARN 556 --- [JavaFX Application Thread] o.h.dialect.function.TemplateRenderer    : HHH000174: Function template anticipated 4 arguments, but 1 arguments encountered
2022-10-19 04:18:59.248  WARN 556 --- [JavaFX Application Thread] o.h.dialect.function.TemplateRenderer    : HHH000174: Function template anticipated 4 arguments, but 1 arguments encountered
2022-10-19 04:18:59.248  WARN 556 --- [JavaFX Application Thread] o.h.dialect.function.TemplateRenderer    : HHH000174: Function template anticipated 4 arguments, but 1 arguments encountered
2022-10-19 04:18:59.253  WARN 556 --- [JavaFX Application Thread] o.h.dialect.function.TemplateRenderer    : HHH000174: Function template anticipated 4 arguments, but 1 arguments encountered
2022-10-19 04:18:59.254  WARN 556 --- [JavaFX Application Thread] o.h.dialect.function.TemplateRenderer    : HHH000174: Function template anticipated 4 arguments, but 1 arguments encountered
2022-10-19 04:18:59.257  WARN 556 --- [JavaFX Application Thread] o.h.dialect.function.TemplateRenderer    : HHH000174: Function template anticipated 4 arguments, but 1 arguments encountered
2022-10-19 04:18:59.257  WARN 556 --- [JavaFX Application Thread] o.h.dialect.function.TemplateRenderer    : HHH000174: Function template anticipated 4 arguments, but 1 arguments encountered
2022-10-19 04:18:59.261  WARN 556 --- [JavaFX Application Thread] o.h.dialect.function.TemplateRenderer    : HHH000174: Function template anticipated 4 arguments, but 1 arguments encountered
2022-10-19 04:18:59.262  WARN 556 --- [JavaFX Application Thread] o.h.dialect.function.TemplateRenderer    : HHH000174: Function template anticipated 4 arguments, but 1 arguments encountered
2022-10-19 04:18:59.266  WARN 556 --- [JavaFX Application Thread] o.h.dialect.function.TemplateRenderer    : HHH000174: Function template anticipated 4 arguments, but 1 arguments encountered
2022-10-19 04:18:59.266  WARN 556 --- [JavaFX Application Thread] o.h.dialect.function.TemplateRenderer    : HHH000174: Function template anticipated 4 arguments, but 1 arguments encountered
2022-10-19 04:18:59.268  WARN 556 --- [JavaFX Application Thread] o.h.dialect.function.TemplateRenderer    : HHH000174: Function template anticipated 4 arguments, but 1 arguments encountered
2022-10-19 04:18:59.269  WARN 556 --- [JavaFX Application Thread] o.h.dialect.function.TemplateRenderer    : HHH000174: Function template anticipated 4 arguments, but 1 arguments encountered
2022-10-19 04:18:59.620  INFO 556 --- [JavaFX Application Thread] o.s.boot.SpringApplication               : Started application in 3.859 seconds (JVM running for 4.855)
2022-10-19 04:22:23.468  INFO 556 --- [JavaFX Application Thread] o.a.c.w.s.f.ReflectionServiceFactoryBean : Creating Service {http://externo.mw.ext.grecasa.org/kiosko-service/}kiosko-service from WSDL: https://sede.gobiernodecanarias.org/tributos/middlewarecaut/services/servicioKiosko?wsdl
2022-10-19 04:22:25.507  WARN 556 --- [JavaFX Application Thread] javax.xml.soap                           : Using deprecated META-INF/services mechanism with non-standard property: javax.xml.soap.MetaFactory. Property javax.xml.soap.SAAJMetaFactory should be used instead.
2022-10-19 04:36:59.902  INFO 556 --- [Thread-5] j.LocalContainerEntityManagerFactoryBean : Closing JPA EntityManagerFactory for persistence unit 'default'
2022-10-19 04:36:59.906  INFO 556 --- [Thread-5] com.zaxxer.hikari.HikariDataSource       : HikariPool-1 - Shutdown initiated...
2022-10-19 04:36:59.917  INFO 556 --- [Thread-5] com.zaxxer.hikari.HikariDataSource       : HikariPool-1 - Shutdown completed.
2022-10-19 04:37:06.211  INFO 24976 --- [JavaFX Application Thread] o.s.boot.SpringApplication               : Starting application on DESKTOP-6GDLJRV with PID 24976 (started by MSI in C:\Desarrollo\JAVA\DIVA\Spring-Boot-JavaFX-Integracion-VS)
2022-10-19 04:37:06.216  INFO 24976 --- [JavaFX Application Thread] o.s.boot.SpringApplication               : No active profile set, falling back to default profiles: default
2022-10-19 04:37:06.747  INFO 24976 --- [JavaFX Application Thread] .s.d.r.c.RepositoryConfigurationDelegate : Bootstrapping Spring Data repositories in DEFAULT mode.
2022-10-19 04:37:06.824  INFO 24976 --- [JavaFX Application Thread] .s.d.r.c.RepositoryConfigurationDelegate : Finished Spring Data repository scanning in 70ms. Found 3 repository interfaces.
2022-10-19 04:37:07.198  INFO 24976 --- [JavaFX Application Thread] com.zaxxer.hikari.HikariDataSource       : HikariPool-1 - Starting...
2022-10-19 04:37:07.465  INFO 24976 --- [JavaFX Application Thread] com.zaxxer.hikari.HikariDataSource       : HikariPool-1 - Start completed.
2022-10-19 04:37:07.515  INFO 24976 --- [JavaFX Application Thread] o.hibernate.jpa.internal.util.LogHelper  : HHH000204: Processing PersistenceUnitInfo [
	name: default
	...]
2022-10-19 04:37:07.577  INFO 24976 --- [JavaFX Application Thread] org.hibernate.Version                    : HHH000412: Hibernate Core {5.3.7.Final}
2022-10-19 04:37:07.578  INFO 24976 --- [JavaFX Application Thread] org.hibernate.cfg.Environment            : HHH000206: hibernate.properties not found
2022-10-19 04:37:07.723  INFO 24976 --- [JavaFX Application Thread] o.hibernate.annotations.common.Version   : HCANN000001: Hibernate Commons Annotations {5.0.4.Final}
2022-10-19 04:37:07.851  INFO 24976 --- [JavaFX Application Thread] org.hibernate.dialect.Dialect            : HHH000400: Using dialect: com.bytecode.javafx.spring.integration.SpringJavaFXIntegration.model.SQLDialect
2022-10-19 04:37:07.871  INFO 24976 --- [JavaFX Application Thread] o.h.e.j.e.i.LobCreatorBuilderImpl        : HHH000423: Disabling contextual LOB creation as JDBC driver reported JDBC version [2] less than 4
2022-10-19 04:37:08.383  INFO 24976 --- [JavaFX Application Thread] j.LocalContainerEntityManagerFactoryBean : Initialized JPA EntityManagerFactory for persistence unit 'default'
2022-10-19 04:37:08.838  INFO 24976 --- [JavaFX Application Thread] o.h.h.i.QueryTranslatorFactoryInitiator  : HHH000397: Using ASTQueryTranslatorFactory
2022-10-19 04:37:08.920  WARN 24976 --- [JavaFX Application Thread] o.h.dialect.function.TemplateRenderer    : HHH000174: Function template anticipated 4 arguments, but 1 arguments encountered
2022-10-19 04:37:08.921  WARN 24976 --- [JavaFX Application Thread] o.h.dialect.function.TemplateRenderer    : HHH000174: Function template anticipated 4 arguments, but 1 arguments encountered
2022-10-19 04:37:08.932  WARN 24976 --- [JavaFX Application Thread] o.h.dialect.function.TemplateRenderer    : HHH000174: Function template anticipated 4 arguments, but 1 arguments encountered
2022-10-19 04:37:08.932  WARN 24976 --- [JavaFX Application Thread] o.h.dialect.function.TemplateRenderer    : HHH000174: Function template anticipated 4 arguments, but 1 arguments encountered
2022-10-19 04:37:08.935  WARN 24976 --- [JavaFX Application Thread] o.h.dialect.function.TemplateRenderer    : HHH000174: Function template anticipated 4 arguments, but 1 arguments encountered
2022-10-19 04:37:08.936  WARN 24976 --- [JavaFX Application Thread] o.h.dialect.function.TemplateRenderer    : HHH000174: Function template anticipated 4 arguments, but 1 arguments encountered
2022-10-19 04:37:08.941  WARN 24976 --- [JavaFX Application Thread] o.h.dialect.function.TemplateRenderer    : HHH000174: Function template anticipated 4 arguments, but 1 arguments encountered
2022-10-19 04:37:08.941  WARN 24976 --- [JavaFX Application Thread] o.h.dialect.function.TemplateRenderer    : HHH000174: Function template anticipated 4 arguments, but 1 arguments encountered
2022-10-19 04:37:08.965  WARN 24976 --- [JavaFX Application Thread] o.h.dialect.function.TemplateRenderer    : HHH000174: Function template anticipated 4 arguments, but 1 arguments encountered
2022-10-19 04:37:08.965  WARN 24976 --- [JavaFX Application Thread] o.h.dialect.function.TemplateRenderer    : HHH000174: Function template anticipated 4 arguments, but 1 arguments encountered
2022-10-19 04:37:08.969  WARN 24976 --- [JavaFX Application Thread] o.h.dialect.function.TemplateRenderer    : HHH000174: Function template anticipated 4 arguments, but 1 arguments encountered
2022-10-19 04:37:08.969  WARN 24976 --- [JavaFX Application Thread] o.h.dialect.function.TemplateRenderer    : HHH000174: Function template anticipated 4 arguments, but 1 arguments encountered
2022-10-19 04:37:08.971  WARN 24976 --- [JavaFX Application Thread] o.h.dialect.function.TemplateRenderer    : HHH000174: Function template anticipated 4 arguments, but 1 arguments encountered
2022-10-19 04:37:08.972  WARN 24976 --- [JavaFX Application Thread] o.h.dialect.function.TemplateRenderer    : HHH000174: Function template anticipated 4 arguments, but 1 arguments encountered
2022-10-19 04:37:08.975  WARN 24976 --- [JavaFX Application Thread] o.h.dialect.function.TemplateRenderer    : HHH000174: Function template anticipated 4 arguments, but 1 arguments encountered
2022-10-19 04:37:08.975  WARN 24976 --- [JavaFX Application Thread] o.h.dialect.function.TemplateRenderer    : HHH000174: Function template anticipated 4 arguments, but 1 arguments encountered
2022-10-19 04:37:08.978  WARN 24976 --- [JavaFX Application Thread] o.h.dialect.function.TemplateRenderer    : HHH000174: Function template anticipated 4 arguments, but 1 arguments encountered
2022-10-19 04:37:08.978  WARN 24976 --- [JavaFX Application Thread] o.h.dialect.function.TemplateRenderer    : HHH000174: Function template anticipated 4 arguments, but 1 arguments encountered
2022-10-19 04:37:08.981  WARN 24976 --- [JavaFX Application Thread] o.h.dialect.function.TemplateRenderer    : HHH000174: Function template anticipated 4 arguments, but 1 arguments encountered
2022-10-19 04:37:08.981  WARN 24976 --- [JavaFX Application Thread] o.h.dialect.function.TemplateRenderer    : HHH000174: Function template anticipated 4 arguments, but 1 arguments encountered
2022-10-19 04:37:08.984  WARN 24976 --- [JavaFX Application Thread] o.h.dialect.function.TemplateRenderer    : HHH000174: Function template anticipated 4 arguments, but 1 arguments encountered
2022-10-19 04:37:08.984  WARN 24976 --- [JavaFX Application Thread] o.h.dialect.function.TemplateRenderer    : HHH000174: Function template anticipated 4 arguments, but 1 arguments encountered
2022-10-19 04:37:08.987  WARN 24976 --- [JavaFX Application Thread] o.h.dialect.function.TemplateRenderer    : HHH000174: Function template anticipated 4 arguments, but 1 arguments encountered
2022-10-19 04:37:08.988  WARN 24976 --- [JavaFX Application Thread] o.h.dialect.function.TemplateRenderer    : HHH000174: Function template anticipated 4 arguments, but 1 arguments encountered
2022-10-19 04:37:08.990  WARN 24976 --- [JavaFX Application Thread] o.h.dialect.function.TemplateRenderer    : HHH000174: Function template anticipated 4 arguments, but 1 arguments encountered
2022-10-19 04:37:08.990  WARN 24976 --- [JavaFX Application Thread] o.h.dialect.function.TemplateRenderer    : HHH000174: Function template anticipated 4 arguments, but 1 arguments encountered
2022-10-19 04:37:08.992  WARN 24976 --- [JavaFX Application Thread] o.h.dialect.function.TemplateRenderer    : HHH000174: Function template anticipated 4 arguments, but 1 arguments encountered
2022-10-19 04:37:08.993  WARN 24976 --- [JavaFX Application Thread] o.h.dialect.function.TemplateRenderer    : HHH000174: Function template anticipated 4 arguments, but 1 arguments encountered
2022-10-19 04:37:09.287  INFO 24976 --- [JavaFX Application Thread] o.s.boot.SpringApplication               : Started application in 3.602 seconds (JVM running for 4.501)
2022-10-19 04:38:19.869  INFO 24976 --- [JavaFX Application Thread] o.a.c.w.s.f.ReflectionServiceFactoryBean : Creating Service {http://externo.mw.ext.grecasa.org/kiosko-service/}kiosko-service from WSDL: https://sede.gobiernodecanarias.org/tributos/middlewarecaut/services/servicioKiosko?wsdl
2022-10-19 04:38:20.183  WARN 24976 --- [JavaFX Application Thread] javax.xml.soap                           : Using deprecated META-INF/services mechanism with non-standard property: javax.xml.soap.MetaFactory. Property javax.xml.soap.SAAJMetaFactory should be used instead.
2022-10-19 04:45:45.232  INFO 24976 --- [Thread-5] j.LocalContainerEntityManagerFactoryBean : Closing JPA EntityManagerFactory for persistence unit 'default'
2022-10-19 04:45:45.241  INFO 24976 --- [Thread-5] com.zaxxer.hikari.HikariDataSource       : HikariPool-1 - Shutdown initiated...
2022-10-19 04:45:45.248  INFO 24976 --- [Thread-5] com.zaxxer.hikari.HikariDataSource       : HikariPool-1 - Shutdown completed.
